# JRE version: OpenJDK Runtime Environment (24.0+36) (build 24+36-3646)
# Java VM: OpenJDK 64-Bit Server VM (24+36-3646, mixed mode, sharing, tiered, compressed oops, compressed class ptrs, g1 gc, windows-amd64)
GC Precious Log:
 CardTable entry size: 512
 Card Set container configuration: InlinePtr #cards 4 size 8 Array Of Cards #cards 16 size 48 Howl #buckets 8 coarsen threshold 3686 Howl Bitmap #cards 512 size 80 coarsen threshold 460 Card regions per heap region 1 cards per card region 4096
 CPUs: 12 total, 12 available
 Memory: 16010M
 Large Page Support: Disabled
 NUMA Support: Disabled
 Compressed Oops: Enabled (Zero based)
 Heap Region Size: 2M
 Heap Min Capacity: 8M
 Heap Initial Capacity: 252M
 Heap Max Capacity: 4004M
 Pre-touch: Disabled
 Parallel Workers: 10
 Concurrent Workers: 3
 Concurrent Refinement Workers: 10
 Periodic GC: Disabled
Heap:
 garbage-first heap   total reserved 4100096K, committed 114688K, used 89963K [0x0000000705c00000, 0x0000000800000000)
  region size 2048K, 26 young (53248K), 3 survivors (6144K)
 Metaspace       used 67843K, committed 68544K, reserved 1114112K
  class space    used 7383K, committed 7680K, reserved 1048576K
GC Heap History (20 events):
Event: 3.868 GC heap before
{Heap before GC invocations=3 (full 0):
 garbage-first heap   total reserved 4100096K, committed 75776K, used 73225K [0x0000000705c00000, 0x0000000800000000)
  region size 2048K, 33 young (67584K), 7 survivors (14336K)
 Metaspace       used 26840K, committed 27136K, reserved 1114112K
  class space    used 2646K, committed 2752K, reserved 1048576K
}
Event: 3.885 GC heap after
{Heap after GC invocations=4 (full 0):
 garbage-first heap   total reserved 4100096K, committed 94208K, used 22012K [0x0000000705c00000, 0x0000000800000000)
  region size 2048K, 5 young (10240K), 5 survivors (10240K)
 Metaspace       used 26840K, committed 27136K, reserved 1114112K
  class space    used 2646K, committed 2752K, reserved 1048576K
}
Event: 5.017 GC heap before
{Heap before GC invocations=4 (full 0):
 garbage-first heap   total reserved 4100096K, committed 94208K, used 62972K [0x0000000705c00000, 0x0000000800000000)
  region size 2048K, 25 young (51200K), 5 survivors (10240K)
 Metaspace       used 31390K, committed 31808K, reserved 1114112K
  class space    used 3228K, committed 3392K, reserved 1048576K
}
Event: 5.029 GC heap after
{Heap after GC invocations=5 (full 0):
 garbage-first heap   total reserved 4100096K, committed 94208K, used 24224K [0x0000000705c00000, 0x0000000800000000)
  region size 2048K, 2 young (4096K), 2 survivors (4096K)
 Metaspace       used 31390K, committed 31808K, reserved 1114112K
  class space    used 3228K, committed 3392K, reserved 1048576K
}
Event: 5.653 GC heap before
{Heap before GC invocations=5 (full 0):
 garbage-first heap   total reserved 4100096K, committed 94208K, used 56992K [0x0000000705c00000, 0x0000000800000000)
  region size 2048K, 20 young (40960K), 2 survivors (4096K)
 Metaspace       used 35547K, committed 35968K, reserved 1114112K
  class space    used 3678K, committed 3840K, reserved 1048576K
}
Event: 5.662 GC heap after
{Heap after GC invocations=6 (full 0):
 garbage-first heap   total reserved 4100096K, committed 94208K, used 27538K [0x0000000705c00000, 0x0000000800000000)
  region size 2048K, 2 young (4096K), 2 survivors (4096K)
 Metaspace       used 35547K, committed 35968K, reserved 1114112K
  class space    used 3678K, committed 3840K, reserved 1048576K
}
Event: 6.720 GC heap before
{Heap before GC invocations=7 (full 0):
 garbage-first heap   total reserved 4100096K, committed 94208K, used 70546K [0x0000000705c00000, 0x0000000800000000)
  region size 2048K, 23 young (47104K), 2 survivors (4096K)
 Metaspace       used 42776K, committed 43264K, reserved 1114112K
  class space    used 4519K, committed 4736K, reserved 1048576K
}
Event: 6.733 GC heap after
{Heap after GC invocations=8 (full 0):
 garbage-first heap   total reserved 4100096K, committed 94208K, used 31157K [0x0000000705c00000, 0x0000000800000000)
  region size 2048K, 3 young (6144K), 3 survivors (6144K)
 Metaspace       used 42776K, committed 43264K, reserved 1114112K
  class space    used 4519K, committed 4736K, reserved 1048576K
}
Event: 7.203 GC heap before
{Heap before GC invocations=8 (full 0):
 garbage-first heap   total reserved 4100096K, committed 94208K, used 74165K [0x0000000705c00000, 0x0000000800000000)
  region size 2048K, 24 young (49152K), 3 survivors (6144K)
 Metaspace       used 45603K, committed 46144K, reserved 1114112K
  class space    used 4884K, committed 5120K, reserved 1048576K
}
Event: 7.213 GC heap after
{Heap after GC invocations=9 (full 0):
 garbage-first heap   total reserved 4100096K, committed 94208K, used 36132K [0x0000000705c00000, 0x0000000800000000)
  region size 2048K, 3 young (6144K), 3 survivors (6144K)
 Metaspace       used 45603K, committed 46144K, reserved 1114112K
  class space    used 4884K, committed 5120K, reserved 1048576K
}
Event: 9.991 GC heap before
{Heap before GC invocations=9 (full 0):
 garbage-first heap   total reserved 4100096K, committed 94208K, used 75044K [0x0000000705c00000, 0x0000000800000000)
  region size 2048K, 22 young (45056K), 3 survivors (6144K)
 Metaspace       used 51601K, committed 52160K, reserved 1114112K
  class space    used 5732K, committed 5952K, reserved 1048576K
}
Event: 9.998 GC heap after
{Heap after GC invocations=10 (full 0):
 garbage-first heap   total reserved 4100096K, committed 114688K, used 40394K [0x0000000705c00000, 0x0000000800000000)
  region size 2048K, 2 young (4096K), 2 survivors (4096K)
 Metaspace       used 51601K, committed 52160K, reserved 1114112K
  class space    used 5732K, committed 5952K, reserved 1048576K
}
Event: 10.870 GC heap before
{Heap before GC invocations=10 (full 0):
 garbage-first heap   total reserved 4100096K, committed 114688K, used 93642K [0x0000000705c00000, 0x0000000800000000)
  region size 2048K, 28 young (57344K), 2 survivors (4096K)
 Metaspace       used 57043K, committed 57728K, reserved 1114112K
  class space    used 6360K, committed 6656K, reserved 1048576K
}
Event: 10.877 GC heap after
{Heap after GC invocations=11 (full 0):
 garbage-first heap   total reserved 4100096K, committed 114688K, used 44096K [0x0000000705c00000, 0x0000000800000000)
  region size 2048K, 4 young (8192K), 4 survivors (8192K)
 Metaspace       used 57043K, committed 57728K, reserved 1114112K
  class space    used 6360K, committed 6656K, reserved 1048576K
}
Event: 40.691 GC heap before
{Heap before GC invocations=11 (full 0):
 garbage-first heap   total reserved 4100096K, committed 114688K, used 66624K [0x0000000705c00000, 0x0000000800000000)
  region size 2048K, 16 young (32768K), 4 survivors (8192K)
 Metaspace       used 59440K, committed 60096K, reserved 1114112K
  class space    used 6664K, committed 6976K, reserved 1048576K
}
Event: 40.698 GC heap after
{Heap after GC invocations=12 (full 0):
 garbage-first heap   total reserved 4100096K, committed 114688K, used 44996K [0x0000000705c00000, 0x0000000800000000)
  region size 2048K, 3 young (6144K), 3 survivors (6144K)
 Metaspace       used 59440K, committed 60096K, reserved 1114112K
  class space    used 6664K, committed 6976K, reserved 1048576K
}
Event: 595.160 GC heap before
{Heap before GC invocations=13 (full 0):
 garbage-first heap   total reserved 4100096K, committed 114688K, used 96196K [0x0000000705c00000, 0x0000000800000000)
  region size 2048K, 28 young (57344K), 3 survivors (6144K)
 Metaspace       used 66179K, committed 66816K, reserved 1114112K
  class space    used 7351K, committed 7616K, reserved 1048576K
}
Event: 595.167 GC heap after
{Heap after GC invocations=14 (full 0):
 garbage-first heap   total reserved 4100096K, committed 114688K, used 47847K [0x0000000705c00000, 0x0000000800000000)
  region size 2048K, 2 young (4096K), 2 survivors (4096K)
 Metaspace       used 66179K, committed 66816K, reserved 1114112K
  class space    used 7351K, committed 7616K, reserved 1048576K
}
Event: 2204.004 GC heap before
{Heap before GC invocations=14 (full 0):
 garbage-first heap   total reserved 4100096K, committed 114688K, used 99047K [0x0000000705c00000, 0x0000000800000000)
  region size 2048K, 27 young (55296K), 2 survivors (4096K)
 Metaspace       used 67460K, committed 68160K, reserved 1114112K
  class space    used 7377K, committed 7680K, reserved 1048576K
}
Event: 2204.019 GC heap after
{Heap after GC invocations=15 (full 0):
 garbage-first heap   total reserved 4100096K, committed 114688K, used 46955K [0x0000000705c00000, 0x0000000800000000)
  region size 2048K, 3 young (6144K), 3 survivors (6144K)
 Metaspace       used 67460K, committed 68160K, reserved 1114112K
  class space    used 7377K, committed 7680K, reserved 1048576K
}

